GDRE Tools v0.6.2
Ubuntu 22.04.3 LTS 22.04, AMD Radeon RX 5600 XT (navi10, LLVM 15.0.7, DRM 3.42, 5.15.0-91-generic), opengl3
Extracted 500 files, no errors detected!
Saved project config project.godot.


********************************EXPORT REPORT********************************

Totals:                                 
Decompiled scripts:                     0
Failed scripts:                         0
Imported resources for export session:  500
Successfully converted:                 245
Lossy:                                  0
Rewrote metadata:                       0
Non-importable conversions:             0
Not converted:                          0
Failed conversions:                     0
-------------



------------------------------------------------------------------------------------

Use Godot editor version 3.5.3 to edit the project.
Note: the project may be using a custom version of Godot. Detection for this has not been implemented yet.
If you find that you have many non-import errors upon opening the project 
(i.e. scripts or shaders have many errors), use the original game's binary as the export template.

*******************************************************************************

